#-----------------------------------------------------------
# Vivado v2016.2 (64-bit)
# SW Build 1577090 on Thu Jun  2 16:32:40 MDT 2016
# IP Build 1577682 on Fri Jun  3 12:00:54 MDT 2016
# Start of session at: Wed Nov 21 16:36:33 2018
# Process ID: 4436
# Current directory: C:/I_felev/UKDA/ultrahangos_tavolsagmero
# Command line: vivado.exe -gui_launcher_event rodinguilauncherevent8012 C:\I_felev\UKDA\ultrahangos_tavolsagmero\ultrahangos_tavolsagmero.xpr
# Log file: C:/I_felev/UKDA/ultrahangos_tavolsagmero/vivado.log
# Journal file: C:/I_felev/UKDA/ultrahangos_tavolsagmero\vivado.jou
#-----------------------------------------------------------
start_gui
open_project C:/I_felev/UKDA/ultrahangos_tavolsagmero/ultrahangos_tavolsagmero.xpr
Scanning sources...
Finished scanning sources
INFO: [IP_Flow 19-234] Refreshing IP repositories
INFO: [IP_Flow 19-1704] No user IP repositories specified
INFO: [IP_Flow 19-2313] Loaded Vivado IP repository 'C:/Xilinx/Vivado/2016.2/data/ip'.
open_project: Time (s): cpu = 00:00:13 ; elapsed = 00:00:06 . Memory (MB): peak = 765.000 ; gain = 135.586
update_compile_order -fileset sources_1
close_project
****** Webtalk v2016.2 (64-bit)
  **** SW Build 1577090 on Thu Jun  2 16:32:40 MDT 2016
  **** IP Build 1577682 on Fri Jun  3 12:00:54 MDT 2016
    ** Copyright 1986-2016 Xilinx, Inc. All Rights Reserved.

source C:/I_felev/UKDA/ultrahangos_tavolsagmero/ultrahangos_tavolsagmero.hw/webtalk/labtool_webtalk.tcl -notrace
INFO: [Common 17-206] Exiting Webtalk at Wed Nov 21 16:37:40 2018...
