Unable to capture context for thread 11708 in process 13892, can not generate back trace
Unable to capture context for thread 13524 in process 13892, can not generate back trace
Unable to capture context for thread 4580 in process 13892, can not generate back trace
Unable to capture context for thread 5884 in process 13892, can not generate back trace
Unable to capture context for thread 13464 in process 13892, can not generate back trace
Unable to capture context for thread 10064 in process 13892, can not generate back trace
Exception at PC 0x00007FF88CF2A388
Unable to capture context for thread 1916 in process 13892, can not generate back trace
Unable to capture context for thread 6908 in process 13892, can not generate back trace
Unable to capture context for thread 5316 in process 13892, can not generate back trace
Exception at PC 0x00007FF88CF2A388
Unable to capture context for thread 1916 in process 13892, can not generate back trace
Unable to capture context for thread 5316 in process 13892, can not generate back trace
Exception at PC 0x00007FF8246BBB93
Printing stacktrace...

Exception at PC 0x00007FF88CF2A388
Exception at PC 0x00007FF88CF2A388
Exception at PC 0x00007FF88CF2A388
Exception at PC 0x00007FF88CF2A388
Exception at PC 0x00007FF88CF2A388
Exception at PC 0x00007FF88CF2A388
Exception at PC 0x00007FF88CF2A388
Exception at PC 0x00007FF88CF2A388
Exception at PC 0x00007FF88CF2A388
Exception at PC 0x00007FF88CF2A388
Exception at PC 0x00007FF88CF2A388
Exception at PC 0x00007FF88CF2A388
Exception at PC 0x00007FF88CF2A388
Exception at PC 0x00007FF88CF2A388
Exception at PC 0x00007FF88CF2A388
Exception at PC 0x00007FF88CF2A388
[0]  [0x00007FF8246BBB93]
[1]  [0x00007FF8246BBB93]
[2]  [0x00007FF8246BB4A1]
[3]  [0x00007FF8246BB3EF]
[4]  [0x00007FF8246A19FE]
[5]  [0x00007FF8246A0ED1]
[6]  [0x00007FF8246A0D76]
[7]  [0x00007FF8246479F6]
[8]  [0x00007FF824637AFB]
[9]  [0x00007FF82475E90A]
[10]  [0x00007FF824779F87]
[11]  [0x00007FF82477A05F]
[12] (BaseThreadInitThunk+0x14) [0x00007FF88FE73034]
[13] (RtlUserThreadStart+0x21) [0x00007FF890B91471]
Done
